<?xml version="1.0" encoding="UTF-8"?>
<!-- Generated by org.testng.reporters.JUnitReportReporter -->
<testsuite hostname="Avinashn" failures="0" tests="1"
	name="com.PRFTests.Login.LoginTest" time="34.756" errors="0"
	timestamp="2024-03-20T16:27:13 IST" skipped="0">
	<testcase classname="com.PRFTests.Login.LoginTest" name="testGlobalPRFLogin"
		time="34.756" />
</testsuite> <!-- com.PRFTests.Login.LoginTest -->
