<?xml version="1.0" encoding="UTF-8"?>
<!-- Generated by org.testng.reporters.JUnitReportReporter -->
<testsuite hostname="Avinashn" failures="0" tests="2"
	name="com.PRFTests.TestsPageSpecific.LoginTest" time="65.807" errors="0"
	timestamp="2024-03-28T10:30:20 IST" skipped="0">
	<testcase classname="com.PRFTests.TestsPageSpecific.LoginTest"
		name="testGlobalPRFLogin" time="34.824" />
	<testcase classname="com.PRFTests.TestsPageSpecific.LoginTest"
		name="testConfirmationMsg" time="30.983" />
</testsuite> <!--
com.PRFTests.TestsPageSpecific.LoginTest -->
