<?xml version="1.0" encoding="UTF-8"?>
<!-- Generated by org.testng.reporters.JUnitReportReporter -->
<testsuite hostname="Avinashn" failures="0" tests="8"
	name="com.PRFTests.TestsPageSpecific.UserModuleTests" time="361.490"
	errors="0" timestamp="2024-05-06T18:17:06 IST" skipped="3">
	<testcase classname="com.PRFTests.TestsPageSpecific.UserModuleTests"
		name="verifyCancelButtonOnAddnewUser" time="82.155" />
	<testcase classname="com.PRFTests.TestsPageSpecific.UserModuleTests"
		name="VerifyAddNewUserClickable" time="56.939" />
	<testcase classname="com.PRFTests.TestsPageSpecific.UserModuleTests"
		name="getUserDataFromExcelAndCreateUser" time="41.948">
		<skipped />
	</testcase> <!-- getUserDataFromExcelAndCreateUser -->
	<testcase classname="com.PRFTests.TestsPageSpecific.UserModuleTests"
		name="getUserDataFromExcelAndCreateUser" time="76.411" />
	<testcase classname="com.PRFTests.TestsPageSpecific.UserModuleTests"
		name="testUsersAssignedToClient" time="62.812" />
	<testcase classname="com.PRFTests.TestsPageSpecific.UserModuleTests"
		name="testConfirmationMsg" time="41.225" />
	<testcase classname="com.PRFTests.TestsPageSpecific.UserModuleTests"
		name="readExcelData">
		<skipped />
	</testcase> <!-- readExcelData -->
	<testcase classname="com.PRFTests.TestsPageSpecific.UserModuleTests"
		name="runTest">
		<skipped />
	</testcase> <!-- runTest -->
</testsuite> <!--
com.PRFTests.TestsPageSpecific.UserModuleTests -->
