<?xml version="1.0" encoding="UTF-8"?>
<!-- Generated by org.testng.reporters.JUnitReportReporter -->
<testsuite hostname="Avinashn" failures="0" tests="12" name="com.GrowthTrackerTests.TestsPageSpecific.GrowthTrackerFormTests" time="296.535" errors="1" timestamp="2025-05-13T22:34:26 IST" skipped="11">
  <testcase classname="com.GrowthTrackerTests.TestsPageSpecific.GrowthTrackerFormTests" name="verifyAddLocalPitch" time="199.968">
    <error message="Cannot invoke &quot;String.split(String)&quot; because &quot;expectedTooltips&quot; is null" type="java.lang.NullPointerException">
      <![CDATA[java.lang.NullPointerException: Cannot invoke "String.split(String)" because "expectedTooltips" is null
at com.GrowthTrackerTests.TestsPageSpecific.GrowthTrackerFormTests.verifyAddLocalPitch(GrowthTrackerFormTests.java:2176)
at java.base/jdk.internal.reflect.NativeMethodAccessorImpl.invoke0(Native Method)
at java.base/jdk.internal.reflect.NativeMethodAccessorImpl.invoke(NativeMethodAccessorImpl.java:77)
at java.base/jdk.internal.reflect.DelegatingMethodAccessorImpl.invoke(DelegatingMethodAccessorImpl.java:43)
at java.base/java.lang.reflect.Method.invoke(Method.java:568)
at org.testng.internal.MethodInvocationHelper.invokeMethod(MethodInvocationHelper.java:133)
at org.testng.internal.TestInvoker.invokeMethod(TestInvoker.java:584)
at org.testng.internal.TestInvoker.retryFailed(TestInvoker.java:204)
at org.testng.internal.MethodRunner.runInSequence(MethodRunner.java:58)
at org.testng.internal.TestInvoker$MethodInvocationAgent.invoke(TestInvoker.java:804)
at org.testng.internal.TestInvoker.invokeTestMethods(TestInvoker.java:145)
at org.testng.internal.TestMethodWorker.invokeTestMethods(TestMethodWorker.java:146)
at org.testng.internal.TestMethodWorker.run(TestMethodWorker.java:128)
at java.base/java.util.ArrayList.forEach(ArrayList.java:1511)
at org.testng.TestRunner.privateRun(TestRunner.java:770)
at org.testng.TestRunner.run(TestRunner.java:591)
at org.testng.SuiteRunner.runTest(SuiteRunner.java:402)
at org.testng.SuiteRunner.runSequentially(SuiteRunner.java:396)
at org.testng.SuiteRunner.privateRun(SuiteRunner.java:355)
at org.testng.SuiteRunner.run(SuiteRunner.java:304)
at org.testng.SuiteRunnerWorker.runSuite(SuiteRunnerWorker.java:53)
at org.testng.SuiteRunnerWorker.run(SuiteRunnerWorker.java:96)
at org.testng.TestNG.runSuitesSequentially(TestNG.java:1180)
at org.testng.TestNG.runSuitesLocally(TestNG.java:1102)
at org.testng.TestNG.runSuites(TestNG.java:1032)
at org.testng.TestNG.run(TestNG.java:1000)
at org.apache.maven.surefire.testng.TestNGExecutor.run(TestNGExecutor.java:283)
at org.apache.maven.surefire.testng.TestNGXmlTestSuite.execute(TestNGXmlTestSuite.java:75)
at org.apache.maven.surefire.testng.TestNGProvider.invoke(TestNGProvider.java:120)
at org.apache.maven.surefire.booter.ForkedBooter.invokeProviderInSameClassLoader(ForkedBooter.java:384)
at org.apache.maven.surefire.booter.ForkedBooter.runSuitesInProcess(ForkedBooter.java:345)
at org.apache.maven.surefire.booter.ForkedBooter.execute(ForkedBooter.java:126)
at org.apache.maven.surefire.booter.ForkedBooter.main(ForkedBooter.java:418)
]]>
    </error>
  </testcase> <!-- verifyAddLocalPitch -->
  <testcase classname="com.GrowthTrackerTests.TestsPageSpecific.GrowthTrackerFormTests" name="verifyAddLocalPitch" time="96.567">
    <skipped/>
  </testcase> <!-- verifyAddLocalPitch -->
  <testcase classname="com.GrowthTrackerTests.TestsPageSpecific.GrowthTrackerFormTests" name="verifyCorrectHeaderDisplayedForModalDialogBoxesForPitch">
    <skipped/>
  </testcase> <!-- verifyCorrectHeaderDisplayedForModalDialogBoxesForPitch -->
  <testcase classname="com.GrowthTrackerTests.TestsPageSpecific.GrowthTrackerFormTests" name="verifyTooltipTextOnCLProspectPage">
    <skipped/>
  </testcase> <!-- verifyTooltipTextOnCLProspectPage -->
  <testcase classname="com.GrowthTrackerTests.TestsPageSpecific.GrowthTrackerFormTests" name="descriptionDifferentOpportunityTypes">
    <skipped/>
  </testcase> <!-- descriptionDifferentOpportunityTypes -->
  <testcase classname="com.GrowthTrackerTests.TestsPageSpecific.GrowthTrackerFormTests" name="verifyTooltipTextOnProspectPage">
    <skipped/>
  </testcase> <!-- verifyTooltipTextOnProspectPage -->
  <testcase classname="com.GrowthTrackerTests.TestsPageSpecific.GrowthTrackerFormTests" name="verifyAddLocalPitch123">
    <skipped/>
  </testcase> <!-- verifyAddLocalPitch123 -->
  <testcase classname="com.GrowthTrackerTests.TestsPageSpecific.GrowthTrackerFormTests" name="verifyCorrectHeaderDisplayedForModalDialogBoxes">
    <skipped/>
  </testcase> <!-- verifyCorrectHeaderDisplayedForModalDialogBoxes -->
  <testcase classname="com.GrowthTrackerTests.TestsPageSpecific.GrowthTrackerFormTests" name="verifyLevelOfOpportunityAfterSelectingOpportunity">
    <skipped/>
  </testcase> <!-- verifyLevelOfOpportunityAfterSelectingOpportunity -->
  <testcase classname="com.GrowthTrackerTests.TestsPageSpecific.GrowthTrackerFormTests" name="verifyCancelButtonFunctionality">
    <skipped/>
  </testcase> <!-- verifyCancelButtonFunctionality -->
  <testcase classname="com.GrowthTrackerTests.TestsPageSpecific.GrowthTrackerFormTests" name="verifyCorrectHeaderDisplayedForModalDialogBoxesForWonWithoutPitch">
    <skipped/>
  </testcase> <!-- verifyCorrectHeaderDisplayedForModalDialogBoxesForWonWithoutPitch -->
  <testcase classname="com.GrowthTrackerTests.TestsPageSpecific.GrowthTrackerFormTests" name="verifyRadioButtonAsPerOpportunity">
    <skipped/>
  </testcase> <!-- verifyRadioButtonAsPerOpportunity -->
</testsuite> <!-- com.GrowthTrackerTests.TestsPageSpecific.GrowthTrackerFormTests -->
